<?xml version="1.0" encoding="UTF-8"?>
<testng-results ignored="0" total="1" passed="1" failed="0" skipped="0">
  <reporter-output>
  </reporter-output>
  <suite started-at="2025-06-29T11:48:41 IST" name="Default suite" finished-at="2025-06-29T11:49:20 IST" duration-ms="38677">
    <groups>
    </groups>
    <test started-at="2025-06-29T11:48:41 IST" name="Default test" finished-at="2025-06-29T11:49:20 IST" duration-ms="38677">
      <class name="tests.Homepage_test">
        <test-method is-config="true" signature="set()[pri:0, instance:tests.Homepage_test@6989da5e]" started-at="2025-06-29T11:48:41 IST" name="set" finished-at="2025-06-29T11:48:43 IST" duration-ms="1523" status="PASS">
          <reporter-output>
          </reporter-output>
        </test-method> <!-- set -->
        <test-method is-config="true" signature="url()[pri:0, instance:tests.Homepage_test@6989da5e]" started-at="2025-06-29T11:48:43 IST" name="url" finished-at="2025-06-29T11:48:44 IST" duration-ms="1304" status="PASS">
          <reporter-output>
          </reporter-output>
        </test-method> <!-- url -->
        <test-method signature="test()[pri:0, instance:tests.Homepage_test@6989da5e]" started-at="2025-06-29T11:48:44 IST" name="test" finished-at="2025-06-29T11:49:20 IST" duration-ms="35786" status="PASS">
          <reporter-output>
          </reporter-output>
        </test-method> <!-- test -->
      </class> <!-- tests.Homepage_test -->
    </test> <!-- Default test -->
  </suite> <!-- Default suite -->
</testng-results>
